#-----------------------------------------------------------
# Vivado v2018.2 (64-bit)
# SW Build 2258646 on Thu Jun 14 20:03:12 MDT 2018
# IP Build 2256618 on Thu Jun 14 22:10:49 MDT 2018
# Start of session at: Tue May  3 01:56:28 2022
# Process ID: 18052
# Current directory: C:/Users/elsha/Desktop/Vivado projects/Seimo3.0
# Command line: vivado.exe -gui_launcher_event rodinguilauncherevent25108 C:\Users\elsha\Desktop\Vivado projects\Seimo3.0\Seimo3.0.xpr
# Log file: C:/Users/elsha/Desktop/Vivado projects/Seimo3.0/vivado.log
# Journal file: C:/Users/elsha/Desktop/Vivado projects/Seimo3.0\vivado.jou
#-----------------------------------------------------------
start_gui
open_project {C:/Users/elsha/Desktop/Vivado projects/Seimo3.0/Seimo3.0.xpr}
Scanning sources...
Finished scanning sources
INFO: [IP_Flow 19-234] Refreshing IP repositories
INFO: [IP_Flow 19-1704] No user IP repositories specified
INFO: [IP_Flow 19-2313] Loaded Vivado IP repository 'C:/Xilinx/Vivado/2018.2/data/ip'.
open_project: Time (s): cpu = 00:00:17 ; elapsed = 00:00:12 . Memory (MB): peak = 883.727 ; gain = 154.039
update_compile_order -fileset sources_1
exit
INFO: [Common 17-206] Exiting Vivado at Tue May  3 17:52:16 2022...
